<?xml version="1.0" encoding="UTF-8"?>
<coverage generated="1670674618688" clover="3.2.0">
  <project timestamp="1670674618688" name="All files">
    <metrics statements="97" coveredstatements="89" conditionals="64" coveredconditionals="50" methods="14" coveredmethods="14" elements="175" coveredelements="153" complexity="0" loc="97" ncloc="97" packages="2" files="7" classes="7"/>
    <package name="src">
      <metrics statements="20" coveredstatements="19" conditionals="11" coveredconditionals="10" methods="4" coveredmethods="4"/>
      <file name="Lens.ts" path="/Users/craigpatik/Projects/dof/app/src/Lens.ts">
        <metrics statements="16" coveredstatements="15" conditionals="10" coveredconditionals="9" methods="2" coveredmethods="2"/>
        <line num="1" count="4" type="stmt"/>
        <line num="2" count="4" type="stmt"/>
        <line num="4" count="4" type="stmt"/>
        <line num="11" count="4" type="stmt"/>
        <line num="12" count="4" type="stmt"/>
        <line num="22" count="4" type="stmt"/>
        <line num="29" count="15" type="stmt"/>
        <line num="31" count="15" type="stmt"/>
        <line num="32" count="15" type="stmt"/>
        <line num="33" count="15" type="stmt"/>
        <line num="34" count="15" type="stmt"/>
        <line num="44" count="4" type="cond" truecount="4" falsecount="0"/>
        <line num="45" count="2" type="cond" truecount="2" falsecount="0"/>
        <line num="46" count="2" type="cond" truecount="0" falsecount="1"/>
        <line num="47" count="0" type="stmt"/>
        <line num="50" count="4" type="stmt"/>
      </file>
      <file name="createLensMaker.ts" path="/Users/craigpatik/Projects/dof/app/src/createLensMaker.ts">
        <metrics statements="4" coveredstatements="4" conditionals="1" coveredconditionals="1" methods="2" coveredmethods="2"/>
        <line num="1" count="1" type="stmt"/>
        <line num="6" count="1" type="stmt"/>
        <line num="7" count="3" type="cond" truecount="1" falsecount="0"/>
        <line num="8" count="6" type="stmt"/>
      </file>
    </package>
    <package name="src.utilities">
      <metrics statements="77" coveredstatements="70" conditionals="53" coveredconditionals="40" methods="10" coveredmethods="10"/>
      <file name="aperture.ts" path="/Users/craigpatik/Projects/dof/app/src/utilities/aperture.ts">
        <metrics statements="31" coveredstatements="27" conditionals="39" coveredconditionals="29" methods="4" coveredmethods="4"/>
        <line num="1" count="4" type="stmt"/>
        <line num="4" count="4" type="stmt"/>
        <line num="49" count="160" type="cond" truecount="1" falsecount="1"/>
        <line num="50" count="4" type="stmt"/>
        <line num="51" count="4" type="stmt"/>
        <line num="54" count="43" type="cond" truecount="1" falsecount="0"/>
        <line num="59" count="40" type="stmt"/>
        <line num="63" count="3" type="stmt"/>
        <line num="67" count="60" type="cond" truecount="2" falsecount="0"/>
        <line num="73" count="4" type="stmt"/>
        <line num="83" count="42" type="cond" truecount="0" falsecount="1"/>
        <line num="89" count="0" type="stmt"/>
        <line num="92" count="42" type="stmt"/>
        <line num="94" count="42" type="cond" truecount="1" falsecount="1"/>
        <line num="95" count="0" type="stmt"/>
        <line num="96" count="42" type="cond" truecount="2" falsecount="0"/>
        <line num="97" count="14" type="stmt"/>
        <line num="99" count="28" type="cond" truecount="1" falsecount="1"/>
        <line num="100" count="0" type="stmt"/>
        <line num="101" count="28" type="cond" truecount="3" falsecount="0"/>
        <line num="102" count="18" type="stmt"/>
        <line num="106" count="42" type="cond" truecount="2" falsecount="0"/>
        <line num="108" count="42" type="cond" truecount="1" falsecount="0"/>
        <line num="110" count="13" type="cond" truecount="5" falsecount="1"/>
        <line num="112" count="13" type="cond" truecount="1" falsecount="0"/>
        <line num="117" count="2" type="stmt"/>
        <line num="122" count="40" type="cond" truecount="1" falsecount="0"/>
        <line num="123" count="11" type="stmt"/>
        <line num="127" count="40" type="cond" truecount="0" falsecount="1"/>
        <line num="128" count="0" type="stmt"/>
        <line num="131" count="40" type="stmt"/>
      </file>
      <file name="calculateDepthOfField.ts" path="/Users/craigpatik/Projects/dof/app/src/utilities/calculateDepthOfField.ts">
        <metrics statements="26" coveredstatements="24" conditionals="6" coveredconditionals="5" methods="3" coveredmethods="3"/>
        <line num="1" count="5" type="stmt"/>
        <line num="2" count="5" type="stmt"/>
        <line num="24" count="5" type="stmt"/>
        <line num="31" count="8" type="stmt"/>
        <line num="41" count="8" type="cond" truecount="2" falsecount="0"/>
        <line num="44" count="8" type="stmt"/>
        <line num="47" count="8" type="stmt"/>
        <line num="50" count="8" type="stmt"/>
        <line num="52" count="8" type="stmt"/>
        <line num="54" count="8" type="stmt"/>
        <line num="55" count="8" type="stmt"/>
        <line num="56" count="8" type="stmt"/>
        <line num="59" count="8" type="stmt"/>
        <line num="60" count="8" type="stmt"/>
        <line num="61" count="8" type="stmt"/>
        <line num="63" count="8" type="cond" truecount="1" falsecount="1"/>
        <line num="64" count="0" type="stmt"/>
        <line num="65" count="0" type="stmt"/>
        <line num="67" count="8" type="stmt"/>
        <line num="70" count="8" type="stmt"/>
        <line num="72" count="8" type="cond" truecount="2" falsecount="0"/>
        <line num="73" count="4" type="stmt"/>
        <line num="74" count="4" type="stmt"/>
        <line num="77" count="4" type="stmt"/>
        <line num="78" count="4" type="stmt"/>
        <line num="82" count="8" type="stmt"/>
      </file>
      <file name="combineSettings.ts" path="/Users/craigpatik/Projects/dof/app/src/utilities/combineSettings.ts">
        <metrics statements="7" coveredstatements="7" conditionals="1" coveredconditionals="1" methods="1" coveredmethods="1"/>
        <line num="1" count="4" type="stmt"/>
        <line num="2" count="4" type="stmt"/>
        <line num="3" count="4" type="stmt"/>
        <line num="8" count="4" type="cond" truecount="1" falsecount="0"/>
        <line num="9" count="37" type="stmt"/>
        <line num="10" count="37" type="stmt"/>
        <line num="16" count="37" type="stmt"/>
      </file>
      <file name="decimalAdjust.ts" path="/Users/craigpatik/Projects/dof/app/src/utilities/decimalAdjust.ts">
        <metrics statements="9" coveredstatements="8" conditionals="5" coveredconditionals="3" methods="1" coveredmethods="1"/>
        <line num="8" count="6" type="stmt"/>
        <line num="9" count="19" type="stmt"/>
        <line num="11" count="19" type="stmt"/>
        <line num="14" count="19" type="cond" truecount="0" falsecount="1"/>
        <line num="15" count="0" type="stmt"/>
        <line num="19" count="19" type="stmt"/>
        <line num="21" count="19" type="cond" truecount="2" falsecount="0"/>
        <line num="24" count="19" type="stmt"/>
        <line num="26" count="19" type="cond" truecount="1" falsecount="1"/>
      </file>
      <file name="formatFeet.ts" path="/Users/craigpatik/Projects/dof/app/src/utilities/formatFeet.ts">
        <metrics statements="4" coveredstatements="4" conditionals="2" coveredconditionals="2" methods="1" coveredmethods="1"/>
        <line num="9" count="6" type="stmt"/>
        <line num="10" count="10" type="cond" truecount="2" falsecount="0"/>
        <line num="11" count="1" type="stmt"/>
        <line num="13" count="9" type="stmt"/>
      </file>
    </package>
  </project>
</coverage>
