{"/Users/craigpatik/Projects/dof/app/src/Lens.ts": {"path":"/Users/craigpatik/Projects/dof/app/src/Lens.ts","statementMap":{"0":{"start":{"line":1,"column":0},"end":{"line":1,"column":61}},"1":{"start":{"line":2,"column":0},"end":{"line":2,"column":73}},"2":{"start":{"line":4,"column":13},"end":{"line":9,"column":null}},"3":{"start":{"line":11,"column":30},"end":{"line":11,"column":31}},"4":{"start":{"line":12,"column":32},"end":{"line":12,"column":34}},"5":{"start":{"line":29,"column":25},"end":{"line":29,"column":99}},"6":{"start":{"line":31,"column":8},"end":{"line":31,"column":null}},"7":{"start":{"line":32,"column":8},"end":{"line":32,"column":null}},"8":{"start":{"line":33,"column":8},"end":{"line":33,"column":null}},"9":{"start":{"line":34,"column":8},"end":{"line":34,"column":null}},"10":{"start":{"line":44,"column":8},"end":{"line":48,"column":null}},"11":{"start":{"line":45,"column":12},"end":{"line":45,"column":null}},"12":{"start":{"line":46,"column":15},"end":{"line":48,"column":null}},"13":{"start":{"line":47,"column":12},"end":{"line":47,"column":null}},"14":{"start":{"line":50,"column":8},"end":{"line":50,"column":null}},"15":{"start":{"line":22,"column":0},"end":{"line":22,"column":13}}},"fnMap":{"0":{"name":"(anonymous_0)","decl":{"start":{"line":28,"column":4},"end":{"line":28,"column":16}},"loc":{"start":{"line":28,"column":114},"end":{"line":35,"column":5}}},"1":{"name":"(anonymous_1)","decl":{"start":{"line":43,"column":4},"end":{"line":43,"column":7}},"loc":{"start":{"line":43,"column":48},"end":{"line":51,"column":5}}}},"branchMap":{"0":{"loc":{"start":{"line":28,"column":16},"end":{"line":28,"column":71}},"type":"default-arg","locations":[{"start":{"line":28,"column":69},"end":{"line":28,"column":71}}]},"1":{"loc":{"start":{"line":28,"column":73},"end":{"line":28,"column":114}},"type":"default-arg","locations":[{"start":{"line":28,"column":99},"end":{"line":28,"column":114}}]},"2":{"loc":{"start":{"line":43,"column":27},"end":{"line":43,"column":48}},"type":"default-arg","locations":[{"start":{"line":43,"column":43},"end":{"line":43,"column":48}}]},"3":{"loc":{"start":{"line":44,"column":8},"end":{"line":48,"column":null}},"type":"if","locations":[{"start":{"line":44,"column":8},"end":{"line":48,"column":null}},{"start":{"line":46,"column":15},"end":{"line":48,"column":null}}]},"4":{"loc":{"start":{"line":44,"column":12},"end":{"line":44,"column":53}},"type":"binary-expr","locations":[{"start":{"line":44,"column":12},"end":{"line":44,"column":34}},{"start":{"line":44,"column":38},"end":{"line":44,"column":53}}]},"5":{"loc":{"start":{"line":45,"column":23},"end":{"line":45,"column":86}},"type":"cond-expr","locations":[{"start":{"line":45,"column":39},"end":{"line":45,"column":62}},{"start":{"line":45,"column":65},"end":{"line":45,"column":86}}]},"6":{"loc":{"start":{"line":46,"column":15},"end":{"line":48,"column":null}},"type":"if","locations":[{"start":{"line":46,"column":15},"end":{"line":48,"column":null}}]}},"s":{"0":4,"1":4,"2":4,"3":4,"4":4,"5":15,"6":15,"7":15,"8":15,"9":15,"10":4,"11":2,"12":2,"13":0,"14":4,"15":4},"f":{"0":15,"1":4},"b":{"0":[6],"1":[11],"2":[2],"3":[2,2],"4":[4,2],"5":[1,1],"6":[0]}}
,"/Users/craigpatik/Projects/dof/app/src/createLensMaker.ts": {"path":"/Users/craigpatik/Projects/dof/app/src/createLensMaker.ts","statementMap":{"0":{"start":{"line":1,"column":0},"end":{"line":1,"column":29}},"1":{"start":{"line":7,"column":4},"end":{"line":9,"column":null}},"2":{"start":{"line":8,"column":8},"end":{"line":8,"column":null}},"3":{"start":{"line":6,"column":0},"end":{"line":6,"column":16}}},"fnMap":{"0":{"name":"createLensMaker","decl":{"start":{"line":6,"column":16},"end":{"line":6,"column":31}},"loc":{"start":{"line":6,"column":56},"end":{"line":10,"column":1}}},"1":{"name":"(anonymous_1)","decl":{"start":{"line":7,"column":11},"end":{"line":7,"column":12}},"loc":{"start":{"line":7,"column":34},"end":{"line":9,"column":5}}}},"branchMap":{"0":{"loc":{"start":{"line":7,"column":12},"end":{"line":7,"column":30}},"type":"default-arg","locations":[{"start":{"line":7,"column":28},"end":{"line":7,"column":30}}]}},"s":{"0":1,"1":3,"2":6,"3":1},"f":{"0":3,"1":6},"b":{"0":[4]}}
,"/Users/craigpatik/Projects/dof/app/src/utilities/aperture.ts": {"path":"/Users/craigpatik/Projects/dof/app/src/utilities/aperture.ts","statementMap":{"0":{"start":{"line":1,"column":22},"end":{"line":1,"column":44}},"1":{"start":{"line":4,"column":51},"end":{"line":46,"column":null}},"2":{"start":{"line":49,"column":21},"end":{"line":49,"column":87}},"3":{"start":{"line":49,"column":71},"end":{"line":49,"column":85}},"4":{"start":{"line":50,"column":35},"end":{"line":50,"column":70}},"5":{"start":{"line":51,"column":34},"end":{"line":51,"column":59}},"6":{"start":{"line":54,"column":4},"end":{"line":60,"column":null}},"7":{"start":{"line":59,"column":8},"end":{"line":59,"column":null}},"8":{"start":{"line":63,"column":4},"end":{"line":63,"column":10}},"9":{"start":{"line":67,"column":4},"end":{"line":67,"column":null}},"10":{"start":{"line":83,"column":4},"end":{"line":90,"column":null}},"11":{"start":{"line":89,"column":8},"end":{"line":89,"column":null}},"12":{"start":{"line":92,"column":53},"end":{"line":92,"column":62}},"13":{"start":{"line":94,"column":4},"end":{"line":104,"column":null}},"14":{"start":{"line":95,"column":8},"end":{"line":95,"column":null}},"15":{"start":{"line":96,"column":11},"end":{"line":104,"column":null}},"16":{"start":{"line":97,"column":8},"end":{"line":97,"column":null}},"17":{"start":{"line":99,"column":8},"end":{"line":103,"column":null}},"18":{"start":{"line":100,"column":12},"end":{"line":100,"column":null}},"19":{"start":{"line":101,"column":15},"end":{"line":103,"column":null}},"20":{"start":{"line":102,"column":12},"end":{"line":102,"column":null}},"21":{"start":{"line":106,"column":46},"end":{"line":106,"column":109}},"22":{"start":{"line":108,"column":4},"end":{"line":119,"column":null}},"23":{"start":{"line":110,"column":30},"end":{"line":110,"column":98}},"24":{"start":{"line":112,"column":8},"end":{"line":118,"column":null}},"25":{"start":{"line":117,"column":12},"end":{"line":117,"column":null}},"26":{"start":{"line":122,"column":4},"end":{"line":124,"column":null}},"27":{"start":{"line":123,"column":8},"end":{"line":123,"column":null}},"28":{"start":{"line":127,"column":4},"end":{"line":129,"column":null}},"29":{"start":{"line":128,"column":8},"end":{"line":128,"column":null}},"30":{"start":{"line":131,"column":4},"end":{"line":131,"column":null}},"31":{"start":{"line":73,"column":0},"end":{"line":73,"column":16}}},"fnMap":{"0":{"name":"(anonymous_0)","decl":{"start":{"line":49,"column":60},"end":{"line":49,"column":61}},"loc":{"start":{"line":49,"column":71},"end":{"line":49,"column":85}}},"1":{"name":"getPreciseAperture","decl":{"start":{"line":53,"column":9},"end":{"line":53,"column":27}},"loc":{"start":{"line":53,"column":46},"end":{"line":64,"column":1}}},"2":{"name":"isApertureString","decl":{"start":{"line":66,"column":9},"end":{"line":66,"column":25}},"loc":{"start":{"line":66,"column":40},"end":{"line":68,"column":1}}},"3":{"name":"toActualAperture","decl":{"start":{"line":73,"column":16},"end":{"line":73,"column":32}},"loc":{"start":{"line":81,"column":1},"end":{"line":132,"column":1}}}},"branchMap":{"0":{"loc":{"start":{"line":49,"column":71},"end":{"line":49,"column":85}},"type":"cond-expr","locations":[{"start":{"line":49,"column":79},"end":{"line":49,"column":80}},{"start":{"line":49,"column":83},"end":{"line":49,"column":85}}]},"1":{"loc":{"start":{"line":54,"column":4},"end":{"line":60,"column":null}},"type":"if","locations":[{"start":{"line":54,"column":4},"end":{"line":60,"column":null}}]},"2":{"loc":{"start":{"line":55,"column":8},"end":{"line":57,"column":38}},"type":"binary-expr","locations":[{"start":{"line":55,"column":8},"end":{"line":55,"column":40}},{"start":{"line":56,"column":8},"end":{"line":56,"column":76}},{"start":{"line":57,"column":8},"end":{"line":57,"column":38}}]},"3":{"loc":{"start":{"line":67,"column":11},"end":{"line":67,"column":65}},"type":"binary-expr","locations":[{"start":{"line":67,"column":11},"end":{"line":67,"column":36}},{"start":{"line":67,"column":40},"end":{"line":67,"column":65}}]},"4":{"loc":{"start":{"line":83,"column":4},"end":{"line":90,"column":null}},"type":"if","locations":[{"start":{"line":83,"column":4},"end":{"line":90,"column":null}}]},"5":{"loc":{"start":{"line":84,"column":8},"end":{"line":87,"column":81}},"type":"binary-expr","locations":[{"start":{"line":84,"column":8},"end":{"line":84,"column":33}},{"start":{"line":85,"column":8},"end":{"line":85,"column":17}},{"start":{"line":86,"column":8},"end":{"line":86,"column":24}},{"start":{"line":87,"column":9},"end":{"line":87,"column":43}},{"start":{"line":87,"column":47},"end":{"line":87,"column":80}}]},"6":{"loc":{"start":{"line":94,"column":4},"end":{"line":104,"column":null}},"type":"if","locations":[{"start":{"line":94,"column":4},"end":{"line":104,"column":null}},{"start":{"line":96,"column":11},"end":{"line":104,"column":null}}]},"7":{"loc":{"start":{"line":96,"column":11},"end":{"line":104,"column":null}},"type":"if","locations":[{"start":{"line":96,"column":11},"end":{"line":104,"column":null}},{"start":{"line":98,"column":11},"end":{"line":104,"column":null}}]},"8":{"loc":{"start":{"line":99,"column":8},"end":{"line":103,"column":null}},"type":"if","locations":[{"start":{"line":99,"column":8},"end":{"line":103,"column":null}},{"start":{"line":101,"column":15},"end":{"line":103,"column":null}}]},"9":{"loc":{"start":{"line":101,"column":15},"end":{"line":103,"column":null}},"type":"if","locations":[{"start":{"line":101,"column":15},"end":{"line":103,"column":null}}]},"10":{"loc":{"start":{"line":101,"column":19},"end":{"line":101,"column":105}},"type":"binary-expr","locations":[{"start":{"line":101,"column":19},"end":{"line":101,"column":61}},{"start":{"line":101,"column":65},"end":{"line":101,"column":105}}]},"11":{"loc":{"start":{"line":106,"column":46},"end":{"line":106,"column":109}},"type":"cond-expr","locations":[{"start":{"line":106,"column":63},"end":{"line":106,"column":97}},{"start":{"line":106,"column":100},"end":{"line":106,"column":109}}]},"12":{"loc":{"start":{"line":108,"column":4},"end":{"line":119,"column":null}},"type":"if","locations":[{"start":{"line":108,"column":4},"end":{"line":119,"column":null}}]},"13":{"loc":{"start":{"line":110,"column":30},"end":{"line":110,"column":98}},"type":"cond-expr","locations":[{"start":{"line":110,"column":58},"end":{"line":110,"column":63}},{"start":{"line":110,"column":66},"end":{"line":110,"column":98}}]},"14":{"loc":{"start":{"line":110,"column":73},"end":{"line":110,"column":97}},"type":"cond-expr","locations":[{"start":{"line":110,"column":78},"end":{"line":110,"column":80}},{"start":{"line":110,"column":73},"end":{"line":110,"column":97}}]},"15":{"loc":{"start":{"line":110,"column":73},"end":{"line":110,"column":80}},"type":"binary-expr","locations":[{"start":{"line":110,"column":73},"end":{"line":110,"column":80}},{"start":{"line":110,"column":73},"end":{"line":110,"column":80}}]},"16":{"loc":{"start":{"line":112,"column":8},"end":{"line":118,"column":null}},"type":"if","locations":[{"start":{"line":112,"column":8},"end":{"line":118,"column":null}}]},"17":{"loc":{"start":{"line":113,"column":12},"end":{"line":115,"column":101}},"type":"binary-expr","locations":[{"start":{"line":113,"column":12},"end":{"line":113,"column":29}},{"start":{"line":114,"column":12},"end":{"line":114,"column":36}},{"start":{"line":115,"column":13},"end":{"line":115,"column":55}},{"start":{"line":115,"column":59},"end":{"line":115,"column":100}}]},"18":{"loc":{"start":{"line":122,"column":4},"end":{"line":124,"column":null}},"type":"if","locations":[{"start":{"line":122,"column":4},"end":{"line":124,"column":null}}]},"19":{"loc":{"start":{"line":127,"column":4},"end":{"line":129,"column":null}},"type":"if","locations":[{"start":{"line":127,"column":4},"end":{"line":129,"column":null}}]}},"s":{"0":4,"1":4,"2":4,"3":160,"4":4,"5":4,"6":43,"7":40,"8":3,"9":60,"10":42,"11":0,"12":42,"13":42,"14":0,"15":42,"16":14,"17":28,"18":0,"19":28,"20":18,"21":42,"22":42,"23":13,"24":13,"25":2,"26":40,"27":11,"28":40,"29":0,"30":40,"31":4},"f":{"0":160,"1":43,"2":60,"3":42},"b":{"0":[160,0],"1":[40],"2":[43,40,40],"3":[60,33],"4":[0],"5":[42,0,0,0,0],"6":[0,42],"7":[14,28],"8":[0,28],"9":[18],"10":[28,18],"11":[32,10],"12":[13],"13":[0,13],"14":[9,4],"15":[13,13],"16":[2],"17":[13,3,3,2],"18":[11],"19":[0]}}
,"/Users/craigpatik/Projects/dof/app/src/utilities/calculateDepthOfField.ts": {"path":"/Users/craigpatik/Projects/dof/app/src/utilities/calculateDepthOfField.ts","statementMap":{"0":{"start":{"line":1,"column":0},"end":{"line":1,"column":47}},"1":{"start":{"line":2,"column":0},"end":{"line":2,"column":41}},"2":{"start":{"line":31,"column":27},"end":{"line":39,"column":null}},"3":{"start":{"line":41,"column":27},"end":{"line":41,"column":53}},"4":{"start":{"line":44,"column":4},"end":{"line":44,"column":null}},"5":{"start":{"line":47,"column":4},"end":{"line":47,"column":null}},"6":{"start":{"line":50,"column":4},"end":{"line":50,"column":null}},"7":{"start":{"line":52,"column":4},"end":{"line":52,"column":null}},"8":{"start":{"line":54,"column":4},"end":{"line":54,"column":null}},"9":{"start":{"line":55,"column":4},"end":{"line":55,"column":null}},"10":{"start":{"line":56,"column":4},"end":{"line":56,"column":null}},"11":{"start":{"line":59,"column":4},"end":{"line":59,"column":null}},"12":{"start":{"line":60,"column":4},"end":{"line":60,"column":null}},"13":{"start":{"line":61,"column":4},"end":{"line":61,"column":null}},"14":{"start":{"line":63,"column":4},"end":{"line":68,"column":null}},"15":{"start":{"line":64,"column":8},"end":{"line":64,"column":null}},"16":{"start":{"line":65,"column":8},"end":{"line":65,"column":null}},"17":{"start":{"line":67,"column":8},"end":{"line":67,"column":null}},"18":{"start":{"line":70,"column":4},"end":{"line":70,"column":null}},"19":{"start":{"line":72,"column":4},"end":{"line":80,"column":null}},"20":{"start":{"line":73,"column":8},"end":{"line":75,"column":null}},"21":{"start":{"line":74,"column":12},"end":{"line":74,"column":null}},"22":{"start":{"line":77,"column":8},"end":{"line":79,"column":null}},"23":{"start":{"line":78,"column":12},"end":{"line":78,"column":null}},"24":{"start":{"line":82,"column":4},"end":{"line":82,"column":null}},"25":{"start":{"line":24,"column":0},"end":{"line":24,"column":16}}},"fnMap":{"0":{"name":"calculateDepthOfField","decl":{"start":{"line":24,"column":16},"end":{"line":24,"column":37}},"loc":{"start":{"line":29,"column":26},"end":{"line":83,"column":1}}},"1":{"name":"(anonymous_1)","decl":{"start":{"line":73,"column":26},"end":{"line":73,"column":null}},"loc":{"start":{"line":73,"column":26},"end":{"line":75,"column":9}}},"2":{"name":"(anonymous_2)","decl":{"start":{"line":77,"column":26},"end":{"line":77,"column":null}},"loc":{"start":{"line":77,"column":26},"end":{"line":79,"column":9}}}},"branchMap":{"0":{"loc":{"start":{"line":41,"column":27},"end":{"line":41,"column":53}},"type":"cond-expr","locations":[{"start":{"line":41,"column":43},"end":{"line":41,"column":49}},{"start":{"line":41,"column":52},"end":{"line":41,"column":53}}]},"1":{"loc":{"start":{"line":63,"column":4},"end":{"line":68,"column":null}},"type":"if","locations":[{"start":{"line":63,"column":4},"end":{"line":68,"column":null}},{"start":{"line":66,"column":11},"end":{"line":68,"column":null}}]},"2":{"loc":{"start":{"line":72,"column":4},"end":{"line":80,"column":null}},"type":"if","locations":[{"start":{"line":72,"column":4},"end":{"line":80,"column":null}},{"start":{"line":76,"column":11},"end":{"line":80,"column":null}}]}},"s":{"0":5,"1":5,"2":8,"3":8,"4":8,"5":8,"6":8,"7":8,"8":8,"9":8,"10":8,"11":8,"12":8,"13":8,"14":8,"15":0,"16":0,"17":8,"18":8,"19":8,"20":4,"21":4,"22":4,"23":4,"24":8,"25":5},"f":{"0":8,"1":4,"2":4},"b":{"0":[4,4],"1":[0,8],"2":[4,4]}}
,"/Users/craigpatik/Projects/dof/app/src/utilities/combineSettings.ts": {"path":"/Users/craigpatik/Projects/dof/app/src/utilities/combineSettings.ts","statementMap":{"0":{"start":{"line":1,"column":0},"end":{"line":1,"column":45}},"1":{"start":{"line":2,"column":0},"end":{"line":2,"column":41}},"2":{"start":{"line":3,"column":0},"end":{"line":3,"column":33}},"3":{"start":{"line":9,"column":21},"end":{"line":9,"column":75}},"4":{"start":{"line":10,"column":21},"end":{"line":14,"column":6}},"5":{"start":{"line":16,"column":4},"end":{"line":18,"column":null}},"6":{"start":{"line":8,"column":0},"end":{"line":8,"column":16}}},"fnMap":{"0":{"name":"combineSettings","decl":{"start":{"line":8,"column":16},"end":{"line":8,"column":31}},"loc":{"start":{"line":8,"column":91},"end":{"line":20,"column":1}}}},"branchMap":{"0":{"loc":{"start":{"line":8,"column":50},"end":{"line":8,"column":91}},"type":"default-arg","locations":[{"start":{"line":8,"column":76},"end":{"line":8,"column":91}}]}},"s":{"0":4,"1":4,"2":4,"3":37,"4":37,"5":37,"6":4},"f":{"0":37},"b":{"0":[6]}}
,"/Users/craigpatik/Projects/dof/app/src/utilities/decimalAdjust.ts": {"path":"/Users/craigpatik/Projects/dof/app/src/utilities/decimalAdjust.ts","statementMap":{"0":{"start":{"line":9,"column":16},"end":{"line":9,"column":18}},"1":{"start":{"line":11,"column":4},"end":{"line":11,"column":null}},"2":{"start":{"line":14,"column":4},"end":{"line":16,"column":null}},"3":{"start":{"line":15,"column":8},"end":{"line":15,"column":null}},"4":{"start":{"line":19,"column":18},"end":{"line":19,"column":45}},"5":{"start":{"line":21,"column":20},"end":{"line":21,"column":87}},"6":{"start":{"line":24,"column":22},"end":{"line":24,"column":51}},"7":{"start":{"line":26,"column":4},"end":{"line":26,"column":null}},"8":{"start":{"line":8,"column":0},"end":{"line":8,"column":16}}},"fnMap":{"0":{"name":"decimalAdjust","decl":{"start":{"line":8,"column":16},"end":{"line":8,"column":29}},"loc":{"start":{"line":8,"column":43},"end":{"line":27,"column":1}}}},"branchMap":{"0":{"loc":{"start":{"line":14,"column":4},"end":{"line":16,"column":null}},"type":"if","locations":[{"start":{"line":14,"column":4},"end":{"line":16,"column":null}}]},"1":{"loc":{"start":{"line":21,"column":51},"end":{"line":21,"column":84}},"type":"cond-expr","locations":[{"start":{"line":21,"column":62},"end":{"line":21,"column":77}},{"start":{"line":21,"column":80},"end":{"line":21,"column":84}}]},"2":{"loc":{"start":{"line":26,"column":35},"end":{"line":26,"column":75}},"type":"cond-expr","locations":[{"start":{"line":26,"column":50},"end":{"line":26,"column":69}},{"start":{"line":26,"column":72},"end":{"line":26,"column":75}}]}},"s":{"0":19,"1":19,"2":19,"3":0,"4":19,"5":19,"6":19,"7":19,"8":6},"f":{"0":19},"b":{"0":[0],"1":[1,18],"2":[0,19]}}
,"/Users/craigpatik/Projects/dof/app/src/utilities/formatFeet.ts": {"path":"/Users/craigpatik/Projects/dof/app/src/utilities/formatFeet.ts","statementMap":{"0":{"start":{"line":10,"column":4},"end":{"line":14,"column":null}},"1":{"start":{"line":11,"column":8},"end":{"line":11,"column":null}},"2":{"start":{"line":13,"column":8},"end":{"line":13,"column":null}},"3":{"start":{"line":9,"column":0},"end":{"line":9,"column":16}}},"fnMap":{"0":{"name":"formatFeet","decl":{"start":{"line":9,"column":16},"end":{"line":9,"column":26}},"loc":{"start":{"line":9,"column":39},"end":{"line":15,"column":1}}}},"branchMap":{"0":{"loc":{"start":{"line":10,"column":4},"end":{"line":14,"column":null}},"type":"if","locations":[{"start":{"line":10,"column":4},"end":{"line":14,"column":null}},{"start":{"line":12,"column":11},"end":{"line":14,"column":null}}]}},"s":{"0":10,"1":1,"2":9,"3":6},"f":{"0":10},"b":{"0":[1,9]}}
}
