TN:
SF:app/src/Lens.ts
FN:28,(anonymous_0)
FN:43,(anonymous_1)
FNF:2
FNH:2
FNDA:15,(anonymous_0)
FNDA:4,(anonymous_1)
DA:1,4
DA:2,4
DA:4,4
DA:11,4
DA:12,4
DA:22,4
DA:29,15
DA:31,15
DA:32,15
DA:33,15
DA:34,15
DA:44,4
DA:45,2
DA:46,2
DA:47,0
DA:50,4
LF:16
LH:15
BRDA:28,0,0,6
BRDA:28,1,0,11
BRDA:43,2,0,2
BRDA:44,3,0,2
BRDA:44,3,1,2
BRDA:44,4,0,4
BRDA:44,4,1,2
BRDA:45,5,0,1
BRDA:45,5,1,1
BRDA:46,6,0,0
BRF:10
BRH:9
end_of_record
TN:
SF:app/src/createLensMaker.ts
FN:6,createLensMaker
FN:7,(anonymous_1)
FNF:2
FNH:2
FNDA:3,createLensMaker
FNDA:6,(anonymous_1)
DA:1,1
DA:6,1
DA:7,3
DA:8,6
LF:4
LH:4
BRDA:7,0,0,4
BRF:1
BRH:1
end_of_record
TN:
SF:app/src/utilities/aperture.ts
FN:49,(anonymous_0)
FN:53,getPreciseAperture
FN:66,isApertureString
FN:73,toActualAperture
FNF:4
FNH:4
FNDA:160,(anonymous_0)
FNDA:43,getPreciseAperture
FNDA:60,isApertureString
FNDA:42,toActualAperture
DA:1,4
DA:4,4
DA:49,160
DA:50,4
DA:51,4
DA:54,43
DA:59,40
DA:63,3
DA:67,60
DA:73,4
DA:83,42
DA:89,0
DA:92,42
DA:94,42
DA:95,0
DA:96,42
DA:97,14
DA:99,28
DA:100,0
DA:101,28
DA:102,18
DA:106,42
DA:108,42
DA:110,13
DA:112,13
DA:117,2
DA:122,40
DA:123,11
DA:127,40
DA:128,0
DA:131,40
LF:31
LH:27
BRDA:49,0,0,160
BRDA:49,0,1,0
BRDA:54,1,0,40
BRDA:55,2,0,43
BRDA:55,2,1,40
BRDA:55,2,2,40
BRDA:67,3,0,60
BRDA:67,3,1,33
BRDA:83,4,0,0
BRDA:84,5,0,42
BRDA:84,5,1,0
BRDA:84,5,2,0
BRDA:84,5,3,0
BRDA:84,5,4,0
BRDA:94,6,0,0
BRDA:94,6,1,42
BRDA:96,7,0,14
BRDA:96,7,1,28
BRDA:99,8,0,0
BRDA:99,8,1,28
BRDA:101,9,0,18
BRDA:101,10,0,28
BRDA:101,10,1,18
BRDA:106,11,0,32
BRDA:106,11,1,10
BRDA:108,12,0,13
BRDA:110,13,0,0
BRDA:110,13,1,13
BRDA:110,14,0,9
BRDA:110,14,1,4
BRDA:110,15,0,13
BRDA:110,15,1,13
BRDA:112,16,0,2
BRDA:113,17,0,13
BRDA:113,17,1,3
BRDA:113,17,2,3
BRDA:113,17,3,2
BRDA:122,18,0,11
BRDA:127,19,0,0
BRF:39
BRH:29
end_of_record
TN:
SF:app/src/utilities/calculateDepthOfField.ts
FN:24,calculateDepthOfField
FN:73,(anonymous_1)
FN:77,(anonymous_2)
FNF:3
FNH:3
FNDA:8,calculateDepthOfField
FNDA:4,(anonymous_1)
FNDA:4,(anonymous_2)
DA:1,5
DA:2,5
DA:24,5
DA:31,8
DA:41,8
DA:44,8
DA:47,8
DA:50,8
DA:52,8
DA:54,8
DA:55,8
DA:56,8
DA:59,8
DA:60,8
DA:61,8
DA:63,8
DA:64,0
DA:65,0
DA:67,8
DA:70,8
DA:72,8
DA:73,4
DA:74,4
DA:77,4
DA:78,4
DA:82,8
LF:26
LH:24
BRDA:41,0,0,4
BRDA:41,0,1,4
BRDA:63,1,0,0
BRDA:63,1,1,8
BRDA:72,2,0,4
BRDA:72,2,1,4
BRF:6
BRH:5
end_of_record
TN:
SF:app/src/utilities/combineSettings.ts
FN:8,combineSettings
FNF:1
FNH:1
FNDA:37,combineSettings
DA:1,4
DA:2,4
DA:3,4
DA:8,4
DA:9,37
DA:10,37
DA:16,37
LF:7
LH:7
BRDA:8,0,0,6
BRF:1
BRH:1
end_of_record
TN:
SF:app/src/utilities/decimalAdjust.ts
FN:8,decimalAdjust
FNF:1
FNH:1
FNDA:19,decimalAdjust
DA:8,6
DA:9,19
DA:11,19
DA:14,19
DA:15,0
DA:19,19
DA:21,19
DA:24,19
DA:26,19
LF:9
LH:8
BRDA:14,0,0,0
BRDA:21,1,0,1
BRDA:21,1,1,18
BRDA:26,2,0,0
BRDA:26,2,1,19
BRF:5
BRH:3
end_of_record
TN:
SF:app/src/utilities/formatFeet.ts
FN:9,formatFeet
FNF:1
FNH:1
FNDA:10,formatFeet
DA:9,6
DA:10,10
DA:11,1
DA:13,9
LF:4
LH:4
BRDA:10,0,0,1
BRDA:10,0,1,9
BRF:2
BRH:2
end_of_record
